<?xml version="1.0" encoding="UTF-8"?>
<testsuite name="CompactDiskTest" tests="1" skipped="0" failures="0" errors="0" timestamp="2016-04-27T20:40:26" hostname="epicodus-31.local" time="0.001">
  <properties/>
  <testcase name="CompactDisk_intantiatesCorrectly_true" classname="CompactDiskTest" time="0.001"/>
  <system-out><![CDATA[]]></system-out>
  <system-err><![CDATA[]]></system-err>
</testsuite>
