<?xml version="1.0" encoding="UTF-8"?>
<testsuite name="CompactDiskTest" tests="4" skipped="0" failures="0" errors="0" timestamp="2016-04-27T21:54:30" hostname="epicodus-31.local" time="0.001">
  <properties/>
  <testcase name="all_returnsAllInstancesOfCompactDisk_true" classname="CompactDiskTest" time="0.001"/>
  <testcase name="getArtist_instatiatesCorretly_GenericArtist" classname="CompactDiskTest" time="0.0"/>
  <testcase name="CompactDisk_intantiatesCorrectly_String" classname="CompactDiskTest" time="0.0"/>
  <testcase name="CompactDisk_intantiatesCorrectly_true" classname="CompactDiskTest" time="0.0"/>
  <system-out><![CDATA[]]></system-out>
  <system-err><![CDATA[]]></system-err>
</testsuite>
